This is pdfTeX, Version 3.141592653-2.6-1.40.26 (TeX Live 2024/MacPorts 2024.70613_0) (preloaded format=pdflatex 2024.7.12)  29 OCT 2024 19:58
entering extended mode
 restricted \write18 enabled.
 file:line:error style messages enabled.
 %&-line parsing enabled.
**/Users/afalco/Dropbox/Cursos/Master_UPV/Notas_FEM/Notes/FEM_Notes.tex
(/Users/afalco/Dropbox/Cursos/Master_UPV/Notas_FEM/Notes/FEM_Notes.tex
LaTeX2e <2023-11-01> patch level 1
L3 programming layer <2024-02-20>
(/opt/local/share/texmf-texlive/tex/latex/beamer/beamer.cls
Document Class: beamer 2024/01/06 v3.71 A class for typesetting presentations
(/opt/local/share/texmf-texlive/tex/latex/beamer/beamerbasemodes.sty (/opt/local/share/texmf-texlive/tex/latex/etoolbox/etoolbox.sty
Package: etoolbox 2020/10/05 v2.5k e-TeX tools for LaTeX (JAW)
\etb@tempcnta=\count188
)
\beamer@tempbox=\box51
\beamer@tempcount=\count189
\c@beamerpauses=\count190
 (/opt/local/share/texmf-texlive/tex/latex/beamer/beamerbasedecode.sty
\beamer@slideinframe=\count191
\beamer@minimum=\count192
\beamer@decode@box=\box52
)
\beamer@commentbox=\box53
\beamer@modecount=\count193
) (/opt/local/share/texmf-texlive/tex/generic/iftex/iftex.sty
Package: iftex 2022/02/03 v1.0f TeX engine tests
)
\headdp=\dimen140
\footheight=\dimen141
\sidebarheight=\dimen142
\beamer@tempdim=\dimen143
\beamer@finalheight=\dimen144
\beamer@animht=\dimen145
\beamer@animdp=\dimen146
\beamer@animwd=\dimen147
\beamer@leftmargin=\dimen148
\beamer@rightmargin=\dimen149
\beamer@leftsidebar=\dimen150
\beamer@rightsidebar=\dimen151
\beamer@boxsize=\dimen152
\beamer@vboxoffset=\dimen153
\beamer@descdefault=\dimen154
\beamer@descriptionwidth=\dimen155
\beamer@lastskip=\skip48
\beamer@areabox=\box54
\beamer@animcurrent=\box55
\beamer@animshowbox=\box56
\beamer@sectionbox=\box57
\beamer@logobox=\box58
\beamer@linebox=\box59
\beamer@sectioncount=\count194
\beamer@subsubsectionmax=\count195
\beamer@subsectionmax=\count196
\beamer@sectionmax=\count197
\beamer@totalheads=\count198
\beamer@headcounter=\count199
\beamer@partstartpage=\count266
\beamer@sectionstartpage=\count267
\beamer@subsectionstartpage=\count268
\beamer@animationtempa=\count269
\beamer@animationtempb=\count270
\beamer@xpos=\count271
\beamer@ypos=\count272
\beamer@ypos@offset=\count273
\beamer@showpartnumber=\count274
\beamer@currentsubsection=\count275
\beamer@coveringdepth=\count276
\beamer@sectionadjust=\count277
\beamer@toclastsection=\count278
\beamer@tocsectionnumber=\count279
 (/opt/local/share/texmf-texlive/tex/latex/beamer/beamerbaseoptions.sty (/opt/local/share/texmf-texlive/tex/latex/graphics/keyval.sty
Package: keyval 2022/05/29 v1.15 key=value parser (DPC)
\KV@toks@=\toks17
))
\beamer@paperwidth=\skip49
\beamer@paperheight=\skip50
 (/opt/local/share/texmf-texlive/tex/latex/geometry/geometry.sty
Package: geometry 2020/01/02 v5.9 Page Geometry
 (/opt/local/share/texmf-texlive/tex/generic/iftex/ifvtex.sty
Package: ifvtex 2019/10/25 v1.7 ifvtex legacy package. Use iftex instead.
)
\Gm@cnth=\count280
\Gm@cntv=\count281
\c@Gm@tempcnt=\count282
\Gm@bindingoffset=\dimen156
\Gm@wd@mp=\dimen157
\Gm@odd@mp=\dimen158
\Gm@even@mp=\dimen159
\Gm@layoutwidth=\dimen160
\Gm@layoutheight=\dimen161
\Gm@layouthoffset=\dimen162
\Gm@layoutvoffset=\dimen163
\Gm@dimlist=\toks18
) (/opt/local/share/texmf-texlive/tex/latex/pgf/math/pgfmath.sty (/opt/local/share/texmf-texlive/tex/latex/pgf/utilities/pgfrcs.sty (/opt/local/share/texmf-texlive/tex/generic/pgf/utilities/pgfutil-common.tex
\pgfutil@everybye=\toks19
\pgfutil@tempdima=\dimen164
\pgfutil@tempdimb=\dimen165
) (/opt/local/share/texmf-texlive/tex/generic/pgf/utilities/pgfutil-latex.def
\pgfutil@abb=\box60
) (/opt/local/share/texmf-texlive/tex/generic/pgf/utilities/pgfrcs.code.tex (/opt/local/share/texmf-texlive/tex/generic/pgf/pgf.revision.tex)
Package: pgfrcs 2023-01-15 v3.1.10 (3.1.10)
)) (/opt/local/share/texmf-texlive/tex/latex/pgf/utilities/pgfkeys.sty (/opt/local/share/texmf-texlive/tex/generic/pgf/utilities/pgfkeys.code.tex
\pgfkeys@pathtoks=\toks20
\pgfkeys@temptoks=\toks21
 (/opt/local/share/texmf-texlive/tex/generic/pgf/utilities/pgfkeyslibraryfiltered.code.tex
\pgfkeys@tmptoks=\toks22
))) (/opt/local/share/texmf-texlive/tex/generic/pgf/math/pgfmath.code.tex (/opt/local/share/texmf-texlive/tex/generic/pgf/math/pgfmathutil.code.tex
\pgf@x=\dimen166
\pgf@xa=\dimen167
\pgf@xb=\dimen168
\pgf@xc=\dimen169
\pgf@y=\dimen170
\pgf@ya=\dimen171
\pgf@yb=\dimen172
\pgf@yc=\dimen173
\c@pgf@counta=\count283
\c@pgf@countb=\count284
\c@pgf@countc=\count285
\c@pgf@countd=\count286
) (/opt/local/share/texmf-texlive/tex/generic/pgf/math/pgfmathparser.code.tex
\pgfmath@dimen=\dimen174
\pgfmath@count=\count287
\pgfmath@box=\box61
\pgfmath@toks=\toks23
\pgfmath@stack@operand=\toks24
\pgfmath@stack@operation=\toks25
) (/opt/local/share/texmf-texlive/tex/generic/pgf/math/pgfmathfunctions.code.tex) (/opt/local/share/texmf-texlive/tex/generic/pgf/math/pgfmathfunctions.basic.code.tex) (/opt/local/share/texmf-texlive/tex/generic/pgf/math/pgfmathfunctions.trigonometric.code.tex) (/opt/local/share/texmf-texlive/tex/generic/pgf/math/pgfmathfunctions.random.code.tex) (/opt/local/share/texmf-texlive/tex/generic/pgf/math/pgfmathfunctions.comparison.code.tex) (/opt/local/share/texmf-texlive/tex/generic/pgf/math/pgfmathfunctions.base.code.tex) (/opt/local/share/texmf-texlive/tex/generic/pgf/math/pgfmathfunctions.round.code.tex) (/opt/local/share/texmf-texlive/tex/generic/pgf/math/pgfmathfunctions.misc.code.tex) (/opt/local/share/texmf-texlive/tex/generic/pgf/math/pgfmathfunctions.integerarithmetics.code.tex) (/opt/local/share/texmf-texlive/tex/generic/pgf/math/pgfmathcalc.code.tex) (/opt/local/share/texmf-texlive/tex/generic/pgf/math/pgfmathfloat.code.tex
\c@pgfmathroundto@lastzeros=\count288
))) (/opt/local/share/texmf-texlive/tex/latex/base/size10.clo
File: size10.clo 2023/05/17 v1.4n Standard LaTeX file (size option)
) (/opt/local/share/texmf-texlive/tex/latex/pgf/basiclayer/pgfcore.sty (/opt/local/share/texmf-texlive/tex/latex/graphics/graphicx.sty
Package: graphicx 2021/09/16 v1.2d Enhanced LaTeX Graphics (DPC,SPQR)
 (/opt/local/share/texmf-texlive/tex/latex/graphics/graphics.sty
Package: graphics 2022/03/10 v1.4e Standard LaTeX Graphics (DPC,SPQR)
 (/opt/local/share/texmf-texlive/tex/latex/graphics/trig.sty
Package: trig 2021/08/11 v1.11 sin cos tan (DPC)
) (/opt/local/share/texmf-texlive/tex/latex/graphics-cfg/graphics.cfg
File: graphics.cfg 2016/06/04 v1.11 sample graphics configuration
)
Package graphics Info: Driver file: pdftex.def on input line 107.
 (/opt/local/share/texmf-texlive/tex/latex/graphics-def/pdftex.def
File: pdftex.def 2022/09/22 v1.2b Graphics/color driver for pdftex
))
\Gin@req@height=\dimen175
\Gin@req@width=\dimen176
) (/opt/local/share/texmf-texlive/tex/latex/pgf/systemlayer/pgfsys.sty (/opt/local/share/texmf-texlive/tex/generic/pgf/systemlayer/pgfsys.code.tex
Package: pgfsys 2023-01-15 v3.1.10 (3.1.10)
\pgf@x=\dimen177
\pgf@y=\dimen178
\pgf@xa=\dimen179
\pgf@ya=\dimen180
\pgf@xb=\dimen181
\pgf@yb=\dimen182
\pgf@xc=\dimen183
\pgf@yc=\dimen184
\pgf@xd=\dimen185
\pgf@yd=\dimen186
\w@pgf@writea=\write3
\r@pgf@reada=\read2
\c@pgf@counta=\count289
\c@pgf@countb=\count290
\c@pgf@countc=\count291
\c@pgf@countd=\count292
\t@pgf@toka=\toks26
\t@pgf@tokb=\toks27
\t@pgf@tokc=\toks28
\pgf@sys@id@count=\count293
 (/opt/local/share/texmf-texlive/tex/generic/pgf/systemlayer/pgf.cfg
File: pgf.cfg 2023-01-15 v3.1.10 (3.1.10)
)
Driver file for pgf: pgfsys-pdftex.def
 (/opt/local/share/texmf-texlive/tex/generic/pgf/systemlayer/pgfsys-pdftex.def
File: pgfsys-pdftex.def 2023-01-15 v3.1.10 (3.1.10)
 (/opt/local/share/texmf-texlive/tex/generic/pgf/systemlayer/pgfsys-common-pdf.def
File: pgfsys-common-pdf.def 2023-01-15 v3.1.10 (3.1.10)
))) (/opt/local/share/texmf-texlive/tex/generic/pgf/systemlayer/pgfsyssoftpath.code.tex
File: pgfsyssoftpath.code.tex 2023-01-15 v3.1.10 (3.1.10)
\pgfsyssoftpath@smallbuffer@items=\count294
\pgfsyssoftpath@bigbuffer@items=\count295
) (/opt/local/share/texmf-texlive/tex/generic/pgf/systemlayer/pgfsysprotocol.code.tex
File: pgfsysprotocol.code.tex 2023-01-15 v3.1.10 (3.1.10)
)) (/opt/local/share/texmf-texlive/tex/latex/xcolor/xcolor.sty
Package: xcolor 2023/11/15 v3.01 LaTeX color extensions (UK)
 (/opt/local/share/texmf-texlive/tex/latex/graphics-cfg/color.cfg
File: color.cfg 2016/01/02 v1.6 sample color configuration
)
Package xcolor Info: Driver file: pdftex.def on input line 274.
 (/opt/local/share/texmf-texlive/tex/latex/graphics/mathcolor.ltx)
Package xcolor Info: Model `cmy' substituted by `cmy0' on input line 1350.
Package xcolor Info: Model `hsb' substituted by `rgb' on input line 1354.
Package xcolor Info: Model `RGB' extended on input line 1366.
Package xcolor Info: Model `HTML' substituted by `rgb' on input line 1368.
Package xcolor Info: Model `Hsb' substituted by `hsb' on input line 1369.
Package xcolor Info: Model `tHsb' substituted by `hsb' on input line 1370.
Package xcolor Info: Model `HSB' substituted by `hsb' on input line 1371.
Package xcolor Info: Model `Gray' substituted by `gray' on input line 1372.
Package xcolor Info: Model `wave' substituted by `hsb' on input line 1373.
) (/opt/local/share/texmf-texlive/tex/generic/pgf/basiclayer/pgfcore.code.tex
Package: pgfcore 2023-01-15 v3.1.10 (3.1.10)
 (/opt/local/share/texmf-texlive/tex/generic/pgf/math/pgfint.code.tex) (/opt/local/share/texmf-texlive/tex/generic/pgf/basiclayer/pgfcorepoints.code.tex
File: pgfcorepoints.code.tex 2023-01-15 v3.1.10 (3.1.10)
\pgf@picminx=\dimen187
\pgf@picmaxx=\dimen188
\pgf@picminy=\dimen189
\pgf@picmaxy=\dimen190
\pgf@pathminx=\dimen191
\pgf@pathmaxx=\dimen192
\pgf@pathminy=\dimen193
\pgf@pathmaxy=\dimen194
\pgf@xx=\dimen195
\pgf@xy=\dimen196
\pgf@yx=\dimen197
\pgf@yy=\dimen198
\pgf@zx=\dimen199
\pgf@zy=\dimen256
) (/opt/local/share/texmf-texlive/tex/generic/pgf/basiclayer/pgfcorepathconstruct.code.tex
File: pgfcorepathconstruct.code.tex 2023-01-15 v3.1.10 (3.1.10)
\pgf@path@lastx=\dimen257
\pgf@path@lasty=\dimen258
) (/opt/local/share/texmf-texlive/tex/generic/pgf/basiclayer/pgfcorepathusage.code.tex
File: pgfcorepathusage.code.tex 2023-01-15 v3.1.10 (3.1.10)
\pgf@shorten@end@additional=\dimen259
\pgf@shorten@start@additional=\dimen260
) (/opt/local/share/texmf-texlive/tex/generic/pgf/basiclayer/pgfcorescopes.code.tex
File: pgfcorescopes.code.tex 2023-01-15 v3.1.10 (3.1.10)
\pgfpic=\box62
\pgf@hbox=\box63
\pgf@layerbox@main=\box64
\pgf@picture@serial@count=\count296
) (/opt/local/share/texmf-texlive/tex/generic/pgf/basiclayer/pgfcoregraphicstate.code.tex
File: pgfcoregraphicstate.code.tex 2023-01-15 v3.1.10 (3.1.10)
\pgflinewidth=\dimen261
) (/opt/local/share/texmf-texlive/tex/generic/pgf/basiclayer/pgfcoretransformations.code.tex
File: pgfcoretransformations.code.tex 2023-01-15 v3.1.10 (3.1.10)
\pgf@pt@x=\dimen262
\pgf@pt@y=\dimen263
\pgf@pt@temp=\dimen264
) (/opt/local/share/texmf-texlive/tex/generic/pgf/basiclayer/pgfcorequick.code.tex
File: pgfcorequick.code.tex 2023-01-15 v3.1.10 (3.1.10)
) (/opt/local/share/texmf-texlive/tex/generic/pgf/basiclayer/pgfcoreobjects.code.tex
File: pgfcoreobjects.code.tex 2023-01-15 v3.1.10 (3.1.10)
) (/opt/local/share/texmf-texlive/tex/generic/pgf/basiclayer/pgfcorepathprocessing.code.tex
File: pgfcorepathprocessing.code.tex 2023-01-15 v3.1.10 (3.1.10)
) (/opt/local/share/texmf-texlive/tex/generic/pgf/basiclayer/pgfcorearrows.code.tex
File: pgfcorearrows.code.tex 2023-01-15 v3.1.10 (3.1.10)
\pgfarrowsep=\dimen265
) (/opt/local/share/texmf-texlive/tex/generic/pgf/basiclayer/pgfcoreshade.code.tex
File: pgfcoreshade.code.tex 2023-01-15 v3.1.10 (3.1.10)
\pgf@max=\dimen266
\pgf@sys@shading@range@num=\count297
\pgf@shadingcount=\count298
) (/opt/local/share/texmf-texlive/tex/generic/pgf/basiclayer/pgfcoreimage.code.tex
File: pgfcoreimage.code.tex 2023-01-15 v3.1.10 (3.1.10)
) (/opt/local/share/texmf-texlive/tex/generic/pgf/basiclayer/pgfcoreexternal.code.tex
File: pgfcoreexternal.code.tex 2023-01-15 v3.1.10 (3.1.10)
\pgfexternal@startupbox=\box65
) (/opt/local/share/texmf-texlive/tex/generic/pgf/basiclayer/pgfcorelayers.code.tex
File: pgfcorelayers.code.tex 2023-01-15 v3.1.10 (3.1.10)
) (/opt/local/share/texmf-texlive/tex/generic/pgf/basiclayer/pgfcoretransparency.code.tex
File: pgfcoretransparency.code.tex 2023-01-15 v3.1.10 (3.1.10)
) (/opt/local/share/texmf-texlive/tex/generic/pgf/basiclayer/pgfcorepatterns.code.tex
File: pgfcorepatterns.code.tex 2023-01-15 v3.1.10 (3.1.10)
) (/opt/local/share/texmf-texlive/tex/generic/pgf/basiclayer/pgfcorerdf.code.tex
File: pgfcorerdf.code.tex 2023-01-15 v3.1.10 (3.1.10)
))) (/opt/local/share/texmf-texlive/tex/latex/pgf/utilities/xxcolor.sty
Package: xxcolor 2003/10/24 ver 0.1
\XC@nummixins=\count299
\XC@countmixins=\count300
) (/opt/local/share/texmf-texlive/tex/latex/base/atbegshi-ltx.sty
Package: atbegshi-ltx 2021/01/10 v1.0c Emulation of the original atbegshi
package with kernel methods
) (/opt/local/share/texmf-texlive/tex/latex/hyperref/hyperref.sty
Package: hyperref 2024-01-20 v7.01h Hypertext links for LaTeX
 (/opt/local/share/texmf-texlive/tex/latex/kvsetkeys/kvsetkeys.sty
Package: kvsetkeys 2022-10-05 v1.19 Key value parser (HO)
) (/opt/local/share/texmf-texlive/tex/generic/kvdefinekeys/kvdefinekeys.sty
Package: kvdefinekeys 2019-12-19 v1.6 Define keys (HO)
) (/opt/local/share/texmf-texlive/tex/generic/pdfescape/pdfescape.sty
Package: pdfescape 2019/12/09 v1.15 Implements pdfTeX's escape features (HO)
 (/opt/local/share/texmf-texlive/tex/generic/ltxcmds/ltxcmds.sty
Package: ltxcmds 2023-12-04 v1.26 LaTeX kernel commands for general use (HO)
) (/opt/local/share/texmf-texlive/tex/generic/pdftexcmds/pdftexcmds.sty
Package: pdftexcmds 2020-06-27 v0.33 Utility functions of pdfTeX for LuaTeX (HO)
 (/opt/local/share/texmf-texlive/tex/generic/infwarerr/infwarerr.sty
Package: infwarerr 2019/12/03 v1.5 Providing info/warning/error messages (HO)
)
Package pdftexcmds Info: \pdf@primitive is available.
Package pdftexcmds Info: \pdf@ifprimitive is available.
Package pdftexcmds Info: \pdfdraftmode found.
)) (/opt/local/share/texmf-texlive/tex/latex/hycolor/hycolor.sty
Package: hycolor 2020-01-27 v1.10 Color options for hyperref/bookmark (HO)
) (/opt/local/share/texmf-texlive/tex/latex/auxhook/auxhook.sty
Package: auxhook 2019-12-17 v1.6 Hooks for auxiliary files (HO)
) (/opt/local/share/texmf-texlive/tex/latex/hyperref/nameref.sty
Package: nameref 2023-11-26 v2.56 Cross-referencing by name of section
 (/opt/local/share/texmf-texlive/tex/latex/refcount/refcount.sty
Package: refcount 2019/12/15 v3.6 Data extraction from label references (HO)
) (/opt/local/share/texmf-texlive/tex/generic/gettitlestring/gettitlestring.sty
Package: gettitlestring 2019/12/15 v1.6 Cleanup title references (HO)
 (/opt/local/share/texmf-texlive/tex/latex/kvoptions/kvoptions.sty
Package: kvoptions 2022-06-15 v3.15 Key value format for package options (HO)
))
\c@section@level=\count301
)
\@linkdim=\dimen267
\Hy@linkcounter=\count302
\Hy@pagecounter=\count303
 (/opt/local/share/texmf-texlive/tex/latex/hyperref/pd1enc.def
File: pd1enc.def 2024-01-20 v7.01h Hyperref: PDFDocEncoding definition (HO)
Now handling font encoding PD1 ...
... no UTF-8 mapping file for font encoding PD1
) (/opt/local/share/texmf-texlive/tex/generic/intcalc/intcalc.sty
Package: intcalc 2019/12/15 v1.3 Expandable calculations with integers (HO)
)
\Hy@SavedSpaceFactor=\count304
 (/opt/local/share/texmf-texlive/tex/latex/hyperref/puenc.def
File: puenc.def 2024-01-20 v7.01h Hyperref: PDF Unicode definition (HO)
Now handling font encoding PU ...
... no UTF-8 mapping file for font encoding PU
)
Package hyperref Info: Option `bookmarks' set `true' on input line 4062.
Package hyperref Info: Option `bookmarksopen' set `true' on input line 4062.
Package hyperref Info: Option `implicit' set `false' on input line 4062.
Package hyperref Info: Hyper figures OFF on input line 4179.
Package hyperref Info: Link nesting OFF on input line 4184.
Package hyperref Info: Hyper index ON on input line 4187.
Package hyperref Info: Plain pages OFF on input line 4194.
Package hyperref Info: Backreferencing OFF on input line 4199.
Package hyperref Info: Implicit mode OFF; no redefinition of LaTeX internals.
Package hyperref Info: Bookmarks ON on input line 4446.
\c@Hy@tempcnt=\count305
 (/opt/local/share/texmf-texlive/tex/latex/url/url.sty
\Urlmuskip=\muskip16
Package: url 2013/09/16  ver 3.4  Verb mode for urls, etc.
)
LaTeX Info: Redefining \url on input line 4784.
\XeTeXLinkMargin=\dimen268
 (/opt/local/share/texmf-texlive/tex/generic/bitset/bitset.sty
Package: bitset 2019/12/09 v1.3 Handle bit-vector datatype (HO)
 (/opt/local/share/texmf-texlive/tex/generic/bigintcalc/bigintcalc.sty
Package: bigintcalc 2019/12/15 v1.5 Expandable calculations on big integers (HO)
))
\Fld@menulength=\count306
\Field@Width=\dimen269
\Fld@charsize=\dimen270
Package hyperref Info: Hyper figures OFF on input line 6063.
Package hyperref Info: Link nesting OFF on input line 6068.
Package hyperref Info: Hyper index ON on input line 6071.
Package hyperref Info: backreferencing OFF on input line 6078.
Package hyperref Info: Link coloring OFF on input line 6083.
Package hyperref Info: Link coloring with OCG OFF on input line 6088.
Package hyperref Info: PDF/A mode OFF on input line 6093.
\Hy@abspage=\count307


Package hyperref Message: Stopped early.

)
Package hyperref Info: Driver (autodetected): hpdftex.
 (/opt/local/share/texmf-texlive/tex/latex/hyperref/hpdftex.def
File: hpdftex.def 2024-01-20 v7.01h Hyperref driver for pdfTeX
 (/opt/local/share/texmf-texlive/tex/latex/base/atveryend-ltx.sty
Package: atveryend-ltx 2020/08/19 v1.0a Emulation of the original atveryend package
with kernel methods
)
\Fld@listcount=\count308
\c@bookmark@seq@number=\count309
 (/opt/local/share/texmf-texlive/tex/latex/rerunfilecheck/rerunfilecheck.sty
Package: rerunfilecheck 2022-07-10 v1.10 Rerun checks for auxiliary files (HO)
 (/opt/local/share/texmf-texlive/tex/generic/uniquecounter/uniquecounter.sty
Package: uniquecounter 2019/12/15 v1.4 Provide unlimited unique counter (HO)
)
Package uniquecounter Info: New unique counter `rerunfilecheck' on input line 285.
)) (/opt/local/share/texmf-texlive/tex/latex/beamer/beamerbaserequires.sty (/opt/local/share/texmf-texlive/tex/latex/beamer/beamerbasecompatibility.sty) (/opt/local/share/texmf-texlive/tex/latex/beamer/beamerbasefont.sty (/opt/local/share/texmf-texlive/tex/latex/amsfonts/amssymb.sty
Package: amssymb 2013/01/14 v3.01 AMS font symbols
 (/opt/local/share/texmf-texlive/tex/latex/amsfonts/amsfonts.sty
Package: amsfonts 2013/01/14 v3.01 Basic AMSFonts support
\@emptytoks=\toks29
\symAMSa=\mathgroup4
\symAMSb=\mathgroup5
LaTeX Font Info:    Redeclaring math symbol \hbar on input line 98.
LaTeX Font Info:    Overwriting math alphabet `\mathfrak' in version `bold'
(Font)                  U/euf/m/n --> U/euf/b/n on input line 106.
)) (/opt/local/share/texmf-texlive/tex/latex/sansmathaccent/sansmathaccent.sty
Package: sansmathaccent 2020/01/31
 (/opt/local/share/texmf-texlive/tex/latex/koma-script/scrlfile.sty
Package: scrlfile 2023/07/07 v3.41 KOMA-Script package (file load hooks)
 (/opt/local/share/texmf-texlive/tex/latex/koma-script/scrlfile-hook.sty
Package: scrlfile-hook 2023/07/07 v3.41 KOMA-Script package (using LaTeX hooks)
 (/opt/local/share/texmf-texlive/tex/latex/koma-script/scrlogo.sty
Package: scrlogo 2023/07/07 v3.41 KOMA-Script package (logo)
))))) (/opt/local/share/texmf-texlive/tex/latex/beamer/beamerbasetranslator.sty (/opt/local/share/texmf-texlive/tex/latex/translator/translator.sty
Package: translator 2021-05-31 v1.12d Easy translation of strings in LaTeX
)) (/opt/local/share/texmf-texlive/tex/latex/beamer/beamerbasemisc.sty) (/opt/local/share/texmf-texlive/tex/latex/beamer/beamerbasetwoscreens.sty) (/opt/local/share/texmf-texlive/tex/latex/beamer/beamerbaseoverlay.sty
\beamer@argscount=\count310
\beamer@lastskipcover=\skip51
\beamer@trivlistdepth=\count311
) (/opt/local/share/texmf-texlive/tex/latex/beamer/beamerbasetitle.sty) (/opt/local/share/texmf-texlive/tex/latex/beamer/beamerbasesection.sty
\c@lecture=\count312
\c@part=\count313
\c@section=\count314
\c@subsection=\count315
\c@subsubsection=\count316
) (/opt/local/share/texmf-texlive/tex/latex/beamer/beamerbaseframe.sty
\beamer@framebox=\box66
\beamer@frametitlebox=\box67
\beamer@zoombox=\box68
\beamer@zoomcount=\count317
\beamer@zoomframecount=\count318
\beamer@frametextheight=\dimen271
\c@subsectionslide=\count319
\beamer@frametopskip=\skip52
\beamer@framebottomskip=\skip53
\beamer@frametopskipautobreak=\skip54
\beamer@framebottomskipautobreak=\skip55
\beamer@envbody=\toks30
\framewidth=\dimen272
\c@framenumber=\count320
) (/opt/local/share/texmf-texlive/tex/latex/beamer/beamerbaseverbatim.sty
\beamer@verbatimfileout=\write4
) (/opt/local/share/texmf-texlive/tex/latex/beamer/beamerbaseframesize.sty
\beamer@splitbox=\box69
\beamer@autobreakcount=\count321
\beamer@autobreaklastheight=\dimen273
\beamer@frametitletoks=\toks31
\beamer@framesubtitletoks=\toks32
) (/opt/local/share/texmf-texlive/tex/latex/beamer/beamerbaseframecomponents.sty
\beamer@footins=\box70
) (/opt/local/share/texmf-texlive/tex/latex/beamer/beamerbasecolor.sty) (/opt/local/share/texmf-texlive/tex/latex/beamer/beamerbasenotes.sty
\beamer@frameboxcopy=\box71
) (/opt/local/share/texmf-texlive/tex/latex/beamer/beamerbasetoc.sty) (/opt/local/share/texmf-texlive/tex/latex/beamer/beamerbasetemplates.sty
\beamer@sbttoks=\toks33
 (/opt/local/share/texmf-texlive/tex/latex/beamer/beamerbaseauxtemplates.sty (/opt/local/share/texmf-texlive/tex/latex/beamer/beamerbaseboxes.sty
\bmb@box=\box72
\bmb@colorbox=\box73
\bmb@boxwidth=\dimen274
\bmb@boxheight=\dimen275
\bmb@prevheight=\dimen276
\bmb@temp=\dimen277
\bmb@dima=\dimen278
\bmb@dimb=\dimen279
\bmb@prevheight=\dimen280
)
\beamer@blockheadheight=\dimen281
)) (/opt/local/share/texmf-texlive/tex/latex/beamer/beamerbaselocalstructure.sty (/opt/local/share/texmf-texlive/tex/latex/tools/enumerate.sty
Package: enumerate 2023/07/04 v3.00 enumerate extensions (DPC)
\@enLab=\toks34
)
\beamer@bibiconwidth=\skip56
\c@figure=\count322
\c@table=\count323
\abovecaptionskip=\skip57
\belowcaptionskip=\skip58
) (/opt/local/share/texmf-texlive/tex/latex/beamer/beamerbasenavigation.sty (/opt/local/share/texmf-texlive/tex/latex/beamer/beamerbasenavigationsymbols.tex)
\beamer@section@min@dim=\dimen282
) (/opt/local/share/texmf-texlive/tex/latex/beamer/beamerbasetheorems.sty (/opt/local/share/texmf-texlive/tex/latex/amsmath/amsmath.sty
Package: amsmath 2023/05/13 v2.17o AMS math features
\@mathmargin=\skip59

For additional information on amsmath, use the `?' option.
(/opt/local/share/texmf-texlive/tex/latex/amsmath/amstext.sty
Package: amstext 2021/08/26 v2.01 AMS text
 (/opt/local/share/texmf-texlive/tex/latex/amsmath/amsgen.sty
File: amsgen.sty 1999/11/30 v2.0 generic functions
\@emptytoks=\toks35
\ex@=\dimen283
)) (/opt/local/share/texmf-texlive/tex/latex/amsmath/amsbsy.sty
Package: amsbsy 1999/11/29 v1.2d Bold Symbols
\pmbraise@=\dimen284
) (/opt/local/share/texmf-texlive/tex/latex/amsmath/amsopn.sty
Package: amsopn 2022/04/08 v2.04 operator names
)
\inf@bad=\count324
LaTeX Info: Redefining \frac on input line 234.
\uproot@=\count325
\leftroot@=\count326
LaTeX Info: Redefining \overline on input line 399.
LaTeX Info: Redefining \colon on input line 410.
\classnum@=\count327
\DOTSCASE@=\count328
LaTeX Info: Redefining \ldots on input line 496.
LaTeX Info: Redefining \dots on input line 499.
LaTeX Info: Redefining \cdots on input line 620.
\Mathstrutbox@=\box74
\strutbox@=\box75
LaTeX Info: Redefining \big on input line 722.
LaTeX Info: Redefining \Big on input line 723.
LaTeX Info: Redefining \bigg on input line 724.
LaTeX Info: Redefining \Bigg on input line 725.
\big@size=\dimen285
LaTeX Font Info:    Redeclaring font encoding OML on input line 743.
LaTeX Font Info:    Redeclaring font encoding OMS on input line 744.
\macc@depth=\count329
LaTeX Info: Redefining \bmod on input line 905.
LaTeX Info: Redefining \pmod on input line 910.
LaTeX Info: Redefining \smash on input line 940.
LaTeX Info: Redefining \relbar on input line 970.
LaTeX Info: Redefining \Relbar on input line 971.
\c@MaxMatrixCols=\count330
\dotsspace@=\muskip17
\c@parentequation=\count331
\dspbrk@lvl=\count332
\tag@help=\toks36
\row@=\count333
\column@=\count334
\maxfields@=\count335
\andhelp@=\toks37
\eqnshift@=\dimen286
\alignsep@=\dimen287
\tagshift@=\dimen288
\tagwidth@=\dimen289
\totwidth@=\dimen290
\lineht@=\dimen291
\@envbody=\toks38
\multlinegap=\skip60
\multlinetaggap=\skip61
\mathdisplay@stack=\toks39
LaTeX Info: Redefining \[ on input line 2953.
LaTeX Info: Redefining \] on input line 2954.
) (/opt/local/share/texmf-texlive/tex/latex/amscls/amsthm.sty
Package: amsthm 2020/05/29 v2.20.6
\thm@style=\toks40
\thm@bodyfont=\toks41
\thm@headfont=\toks42
\thm@notefont=\toks43
\thm@headpunct=\toks44
\thm@preskip=\skip62
\thm@postskip=\skip63
\thm@headsep=\skip64
\dth@everypar=\toks45
)
\c@theorem=\count336
) (/opt/local/share/texmf-texlive/tex/latex/beamer/beamerbasethemes.sty)) (/opt/local/share/texmf-texlive/tex/latex/beamer/beamerthemedefault.sty (/opt/local/share/texmf-texlive/tex/latex/beamer/beamerfontthemedefault.sty) (/opt/local/share/texmf-texlive/tex/latex/beamer/beamercolorthemedefault.sty) (/opt/local/share/texmf-texlive/tex/latex/beamer/beamerinnerthemedefault.sty
\beamer@dima=\dimen292
\beamer@dimb=\dimen293
) (/opt/local/share/texmf-texlive/tex/latex/beamer/beamerouterthemedefault.sty))) (/opt/local/share/texmf-texlive/tex/generic/babel/babel.sty
Package: babel 2024/02/07 v24.2 The Babel package
\babel@savecnt=\count337
\U@D=\dimen294
\l@unhyphenated=\language89
 (/opt/local/share/texmf-texlive/tex/generic/babel/txtbabel.def)
\bbl@readstream=\read3
LaTeX Info: Redefining \textlatin on input line 3919.
\bbl@dirlevel=\count338
 (/opt/local/share/texmf-texlive/tex/generic/babel-spanish/spanish.ldf
Language: spanish.ldf 2021/05/27 v5.0q Spanish support from the babel system
\es@quottoks=\toks46
\es@quotdepth=\count339
Package babel Info: Making " an active character on input line 570.
Package babel Info: Making . an active character on input line 675.
Package babel Info: Making < an active character on input line 722.
Package babel Info: Making > an active character on input line 722.
)) (/opt/local/share/texmf-texlive/tex/generic/babel/locale/es/babel-spanish.tex
Package babel Info: Importing font and identification data for spanish
(babel)             from babel-es.ini. Reported on input line 11.
) (/opt/local/share/texmf-texlive/tex/latex/base/inputenc.sty
Package: inputenc 2021/02/14 v1.3d Input encoding file
\inpenc@prehook=\toks47
\inpenc@posthook=\toks48
) (/opt/local/share/texmf-texlive/tex/latex/base/fontenc.sty
Package: fontenc 2021/04/29 v2.0v Standard LaTeX package
) (/opt/local/share/texmf-texlive/tex/latex/lm/lmodern.sty
Package: lmodern 2015/05/01 v1.6.1 Latin Modern Fonts
LaTeX Font Info:    Overwriting symbol font `operators' in version `normal'
(Font)                  OT1/cmr/m/n --> OT1/lmr/m/n on input line 22.
LaTeX Font Info:    Overwriting symbol font `letters' in version `normal'
(Font)                  OML/cmm/m/it --> OML/lmm/m/it on input line 23.
LaTeX Font Info:    Overwriting symbol font `symbols' in version `normal'
(Font)                  OMS/cmsy/m/n --> OMS/lmsy/m/n on input line 24.
LaTeX Font Info:    Overwriting symbol font `largesymbols' in version `normal'
(Font)                  OMX/cmex/m/n --> OMX/lmex/m/n on input line 25.
LaTeX Font Info:    Overwriting symbol font `operators' in version `bold'
(Font)                  OT1/cmr/bx/n --> OT1/lmr/bx/n on input line 26.
LaTeX Font Info:    Overwriting symbol font `letters' in version `bold'
(Font)                  OML/cmm/b/it --> OML/lmm/b/it on input line 27.
LaTeX Font Info:    Overwriting symbol font `symbols' in version `bold'
(Font)                  OMS/cmsy/b/n --> OMS/lmsy/b/n on input line 28.
LaTeX Font Info:    Overwriting symbol font `largesymbols' in version `bold'
(Font)                  OMX/cmex/m/n --> OMX/lmex/m/n on input line 29.
LaTeX Font Info:    Overwriting math alphabet `\mathbf' in version `normal'
(Font)                  OT1/cmr/bx/n --> OT1/lmr/bx/n on input line 31.
LaTeX Font Info:    Overwriting math alphabet `\mathsf' in version `normal'
(Font)                  OT1/cmss/m/n --> OT1/lmss/m/n on input line 32.
LaTeX Font Info:    Overwriting math alphabet `\mathit' in version `normal'
(Font)                  OT1/cmr/m/it --> OT1/lmr/m/it on input line 33.
LaTeX Font Info:    Overwriting math alphabet `\mathtt' in version `normal'
(Font)                  OT1/cmtt/m/n --> OT1/lmtt/m/n on input line 34.
LaTeX Font Info:    Overwriting math alphabet `\mathbf' in version `bold'
(Font)                  OT1/cmr/bx/n --> OT1/lmr/bx/n on input line 35.
LaTeX Font Info:    Overwriting math alphabet `\mathsf' in version `bold'
(Font)                  OT1/cmss/bx/n --> OT1/lmss/bx/n on input line 36.
LaTeX Font Info:    Overwriting math alphabet `\mathit' in version `bold'
(Font)                  OT1/cmr/bx/it --> OT1/lmr/bx/it on input line 37.
LaTeX Font Info:    Overwriting math alphabet `\mathtt' in version `bold'
(Font)                  OT1/cmtt/m/n --> OT1/lmtt/m/n on input line 38.
) (/opt/local/share/texmf-texlive/tex/latex/pythontex/pythontex.sty
Package: pythontex 2021/06/06 v0.18 execute and typeset Python code and other languages
 (/opt/local/share/texmf-texlive/tex/latex/fvextra/fvextra.sty
Package: fvextra 2023/11/28 v1.6.1 fvextra - extensions and patches for fancyvrb
 (/opt/local/share/texmf-texlive/tex/latex/fancyvrb/fancyvrb.sty
Package: fancyvrb 2024/01/20 4.5c verbatim text (tvz,hv)
\FV@CodeLineNo=\count340
\FV@InFile=\read4
\FV@TabBox=\box76
\c@FancyVerbLine=\count341
\FV@StepNumber=\count342
\FV@OutFile=\write5
) (/opt/local/share/texmf-texlive/tex/latex/upquote/upquote.sty
Package: upquote 2012/04/19 v1.3 upright-quote and grave-accent glyphs in verbatim
 (/opt/local/share/texmf-texlive/tex/latex/base/textcomp.sty
Package: textcomp 2020/02/02 v2.0n Standard LaTeX package
)) (/opt/local/share/texmf-texlive/tex/latex/lineno/lineno.sty
Package: lineno 2023/05/20 line numbers on paragraphs v5.3
\linenopenalty=\count343
\output=\toks49
\linenoprevgraf=\count344
\linenumbersep=\dimen295
\linenumberwidth=\dimen296
\c@linenumber=\count345
\c@pagewiselinenumber=\count346
\c@LN@truepage=\count347
\c@internallinenumber=\count348
\c@internallinenumbers=\count349
\quotelinenumbersep=\dimen297
\bframerule=\dimen298
\bframesep=\dimen299
\bframebox=\box77
\linenoamsmath@ams@eqpen=\count350
LaTeX Info: Redefining \\ on input line 3180.
)
\c@FancyVerbWriteLine=\count351
\c@FancyVerbBufferIndex=\count352
\c@FancyVerbBufferLength=\count353
\c@FancyVerbBufferLine=\count354
\c@FV@oldbufferlength=\count355
\c@FV@TrueTabGroupLevel=\count356
\c@FV@TrueTabCounter=\count357
\FV@TabBox@Group=\box78
\FV@TmpLength=\skip65
\c@FV@HighlightLinesStart=\count358
\c@FV@HighlightLinesStop=\count359
\FV@LoopCount=\count360
\FV@NCharsBox=\box79
\FV@BreakIndent=\dimen300
\FV@BreakIndentNChars=\count361
\FV@BreakSymbolSepLeft=\dimen301
\FV@BreakSymbolSepLeftNChars=\count362
\FV@BreakSymbolSepRight=\dimen302
\FV@BreakSymbolSepRightNChars=\count363
\FV@BreakSymbolIndentLeft=\dimen303
\FV@BreakSymbolIndentLeftNChars=\count364
\FV@BreakSymbolIndentRight=\dimen304
\FV@BreakSymbolIndentRightNChars=\count365
\c@FancyVerbLineBreakLast=\count366
\FV@LineBox=\box80
\FV@LineIndentBox=\box81
\c@FV@BreakBufferDepth=\count367
\FV@LineWidth=\dimen305
) (/opt/local/share/texmf-texlive/tex/generic/xstring/xstring.sty (/opt/local/share/texmf-texlive/tex/generic/xstring/xstring.tex
\xs_counta=\count368
\xs_countb=\count369
)
Package: xstring 2023/08/22 v1.86 String manipulations (CT)
) (/opt/local/share/texmf-texlive/tex/latex/pgfopts/pgfopts.sty
Package: pgfopts 2014/07/10 v2.1a LaTeX package options with pgfkeys
\pgfopts@list@add@a@toks=\toks50
\pgfopts@list@add@b@toks=\toks51
) (/opt/local/share/texmf-texlive/tex/latex/newfloat/newfloat.sty
Package: newfloat 2023/10/01 v1.2 Defining new floating environments (AR)
Package newfloat Info: Unsupported document class, or \@chapter 
(newfloat)             was already redefined by another package.
Package newfloat Info: \@chapter = macro:[#1]#2->\NR@gettitle {#1}\NR@chapter [{#1}]{#2}.
Package newfloat Info: \Hy@org@chapter = undefined.
Package newfloat Info: \algocf@original@chapter = undefined.
) (/opt/local/share/texmf-texlive/tex/latex/currfile/currfile.sty
Package: currfile 2022/10/10 v0.8 Provides the file path elements of the current input file
 (/opt/local/share/texmf-texlive/tex/latex/filehook/filehook.sty
Package: filehook 2022/10/25 v0.8b Hooks for input files
 (/opt/local/share/texmf-texlive/tex/latex/filehook/filehook-2020.sty
Package: filehook-2020 2022/10/25 v0.8b Hooks for input files
))
\c@currfiledepth=\count370
)
\pytx@codefile=\write6
\openout6 = `FEM_Notes.pytxcode'.

\c@pytx@FancyVerbLineTemp=\count371
\c@pytx@py@default@default=\count372
\c@pytx@pycon@default@default=\count373
\c@pytx@sympy@default@default=\count374
\c@pytx@sympycon@default@default=\count375
\c@pytx@pylab@default@default=\count376
\c@pytx@pylabcon@default@default=\count377
) (/opt/local/share/texmf-texlive/tex/latex/beamer/multimedia.sty
Package: multimedia 2012/05/02 ver 0.02
 (/opt/local/share/texmf-texlive/tex/generic/iftex/ifpdf.sty
Package: ifpdf 2019/10/25 v3.4 ifpdf legacy package. Use iftex instead.
)
\mm@movie=\count378
) (/opt/local/share/texmf-texlive/tex/latex/pgf/frontendlayer/tikz.sty (/opt/local/share/texmf-texlive/tex/latex/pgf/basiclayer/pgf.sty
Package: pgf 2023-01-15 v3.1.10 (3.1.10)
 (/opt/local/share/texmf-texlive/tex/generic/pgf/modules/pgfmoduleshapes.code.tex
File: pgfmoduleshapes.code.tex 2023-01-15 v3.1.10 (3.1.10)
\pgfnodeparttextbox=\box82
) (/opt/local/share/texmf-texlive/tex/generic/pgf/modules/pgfmoduleplot.code.tex
File: pgfmoduleplot.code.tex 2023-01-15 v3.1.10 (3.1.10)
) (/opt/local/share/texmf-texlive/tex/latex/pgf/compatibility/pgfcomp-version-0-65.sty
Package: pgfcomp-version-0-65 2023-01-15 v3.1.10 (3.1.10)
\pgf@nodesepstart=\dimen306
\pgf@nodesepend=\dimen307
) (/opt/local/share/texmf-texlive/tex/latex/pgf/compatibility/pgfcomp-version-1-18.sty
Package: pgfcomp-version-1-18 2023-01-15 v3.1.10 (3.1.10)
)) (/opt/local/share/texmf-texlive/tex/latex/pgf/utilities/pgffor.sty (/opt/local/share/texmf-texlive/tex/generic/pgf/utilities/pgffor.code.tex
Package: pgffor 2023-01-15 v3.1.10 (3.1.10)
\pgffor@iter=\dimen308
\pgffor@skip=\dimen309
\pgffor@stack=\toks52
\pgffor@toks=\toks53
)) (/opt/local/share/texmf-texlive/tex/generic/pgf/frontendlayer/tikz/tikz.code.tex
Package: tikz 2023-01-15 v3.1.10 (3.1.10)
 (/opt/local/share/texmf-texlive/tex/generic/pgf/libraries/pgflibraryplothandlers.code.tex
File: pgflibraryplothandlers.code.tex 2023-01-15 v3.1.10 (3.1.10)
\pgf@plot@mark@count=\count379
\pgfplotmarksize=\dimen310
)
\tikz@lastx=\dimen311
\tikz@lasty=\dimen312
\tikz@lastxsaved=\dimen313
\tikz@lastysaved=\dimen314
\tikz@lastmovetox=\dimen315
\tikz@lastmovetoy=\dimen316
\tikzleveldistance=\dimen317
\tikzsiblingdistance=\dimen318
\tikz@figbox=\box83
\tikz@figbox@bg=\box84
\tikz@tempbox=\box85
\tikz@tempbox@bg=\box86
\tikztreelevel=\count380
\tikznumberofchildren=\count381
\tikznumberofcurrentchild=\count382
\tikz@fig@count=\count383
 (/opt/local/share/texmf-texlive/tex/generic/pgf/modules/pgfmodulematrix.code.tex
File: pgfmodulematrix.code.tex 2023-01-15 v3.1.10 (3.1.10)
\pgfmatrixcurrentrow=\count384
\pgfmatrixcurrentcolumn=\count385
\pgf@matrix@numberofcolumns=\count386
)
\tikz@expandcount=\count387
 (/opt/local/share/texmf-texlive/tex/generic/pgf/frontendlayer/tikz/libraries/tikzlibrarytopaths.code.tex
File: tikzlibrarytopaths.code.tex 2023-01-15 v3.1.10 (3.1.10)
))) (/opt/local/share/texmf-texlive/tex/generic/pgf/frontendlayer/tikz/libraries/tikzlibraryfpu.code.tex (/opt/local/share/texmf-texlive/tex/generic/pgf/libraries/pgflibraryfpu.code.tex)) (/opt/local/share/texmf-texlive/tex/latex/base/latexsym.sty
Package: latexsym 1998/08/17 v2.2e Standard LaTeX package (lasy symbols)
\symlasy=\mathgroup6
LaTeX Font Info:    Overwriting symbol font `lasy' in version `bold'
(Font)                  U/lasy/m/n --> U/lasy/b/n on input line 52.
) (/opt/local/share/texmf-texlive/tex/latex/listings/listings.sty
\lst@mode=\count388
\lst@gtempboxa=\box87
\lst@token=\toks54
\lst@length=\count389
\lst@currlwidth=\dimen319
\lst@column=\count390
\lst@pos=\count391
\lst@lostspace=\dimen320
\lst@width=\dimen321
\lst@newlines=\count392
\lst@lineno=\count393
\lst@maxwidth=\dimen322
 (/opt/local/share/texmf-texlive/tex/latex/listings/lstpatch.sty
File: lstpatch.sty 2024/02/21 1.10 (Carsten Heinz)
) (/opt/local/share/texmf-texlive/tex/latex/listings/lstmisc.sty
File: lstmisc.sty 2024/02/21 1.10 (Carsten Heinz)
\c@lstnumber=\count394
\lst@skipnumbers=\count395
\lst@framebox=\box88
) (/opt/local/share/texmf-texlive/tex/latex/listings/listings.cfg
File: listings.cfg 2024/02/21 1.10 listings configuration
))
Package: listings 2024/02/21 1.10 (Carsten Heinz)
 (/opt/local/share/texmf-texlive/tex/latex/pgfplots/pgfplots.sty (/opt/local/share/texmf-texlive/tex/generic/pgfplots/pgfplots.revision.tex)
Package: pgfplots 2021/05/15 v1.18.1 Data Visualization (1.18.1)
 (/opt/local/share/texmf-texlive/tex/generic/pgfplots/pgfplots.code.tex (/opt/local/share/texmf-texlive/tex/generic/pgfplots/pgfplotscore.code.tex
\t@pgfplots@toka=\toks55
\t@pgfplots@tokb=\toks56
\t@pgfplots@tokc=\toks57
\pgfplots@tmpa=\dimen323
\c@pgfplots@coordindex=\count396
\c@pgfplots@scanlineindex=\count397
 (/opt/local/share/texmf-texlive/tex/generic/pgfplots/sys/pgfplotssysgeneric.code.tex)) (/opt/local/share/texmf-texlive/tex/generic/pgfplots/libs/pgfplotslibrary.code.tex) (/opt/local/share/texmf-texlive/tex/generic/pgfplots/oldpgfcompatib/pgfplotsoldpgfsupp_loader.code.tex
Package pgfplots: loading complementary utilities for your pgf version...
\t@pgf@toka=\toks58
\t@pgf@tokb=\toks59
\t@pgf@tokc=\toks60
(/opt/local/share/texmf-texlive/tex/generic/pgfplots/oldpgfcompatib/pgfplotsoldpgfsupp_pgfutil-common-lists.tex)) (/opt/local/share/texmf-texlive/tex/generic/pgfplots/util/pgfplotsutil.code.tex (/opt/local/share/texmf-texlive/tex/generic/pgfplots/liststructure/pgfplotsliststructure.code.tex) (/opt/local/share/texmf-texlive/tex/generic/pgfplots/liststructure/pgfplotsliststructureext.code.tex) (/opt/local/share/texmf-texlive/tex/generic/pgfplots/liststructure/pgfplotsarray.code.tex
\c@pgfplotsarray@tmp=\count398
) (/opt/local/share/texmf-texlive/tex/generic/pgfplots/liststructure/pgfplotsmatrix.code.tex) (/opt/local/share/texmf-texlive/tex/generic/pgfplots/numtable/pgfplotstableshared.code.tex
\c@pgfplotstable@counta=\count399
\t@pgfplotstable@a=\toks61
) (/opt/local/share/texmf-texlive/tex/generic/pgfplots/liststructure/pgfplotsdeque.code.tex) (/opt/local/share/texmf-texlive/tex/generic/pgfplots/util/pgfplotsbinary.code.tex (/opt/local/share/texmf-texlive/tex/generic/pgfplots/util/pgfplotsbinary.data.code.tex)) (/opt/local/share/texmf-texlive/tex/generic/pgfplots/util/pgfplotsutil.verb.code.tex) (/opt/local/share/texmf-texlive/tex/generic/pgfplots/libs/pgflibrarypgfplots.surfshading.code.tex
\c@pgfplotslibrarysurf@no=\count400
 (/opt/local/share/texmf-texlive/tex/generic/pgfplots/sys/pgflibrarypgfplots.surfshading.pgfsys-pdftex.def))) (/opt/local/share/texmf-texlive/tex/generic/pgfplots/util/pgfplotscolormap.code.tex (/opt/local/share/texmf-texlive/tex/generic/pgfplots/util/pgfplotscolor.code.tex)) (/opt/local/share/texmf-texlive/tex/generic/pgfplots/pgfplotsstackedplots.code.tex) (/opt/local/share/texmf-texlive/tex/generic/pgfplots/pgfplotsplothandlers.code.tex (/opt/local/share/texmf-texlive/tex/generic/pgfplots/pgfplotsmeshplothandler.code.tex (/opt/local/share/texmf-texlive/tex/generic/pgfplots/pgfplotsmeshplotimage.code.tex))) (/opt/local/share/texmf-texlive/tex/generic/pgfplots/pgfplots.scaling.code.tex) (/opt/local/share/texmf-texlive/tex/generic/pgfplots/pgfplotscoordprocessing.code.tex) (/opt/local/share/texmf-texlive/tex/generic/pgfplots/pgfplots.errorbars.code.tex) (/opt/local/share/texmf-texlive/tex/generic/pgfplots/pgfplots.markers.code.tex) (/opt/local/share/texmf-texlive/tex/generic/pgfplots/pgfplotsticks.code.tex) (/opt/local/share/texmf-texlive/tex/generic/pgfplots/pgfplots.paths.code.tex) (/opt/local/share/texmf-texlive/tex/generic/pgf/frontendlayer/tikz/libraries/tikzlibrarydecorations.code.tex (/opt/local/share/texmf-texlive/tex/generic/pgf/modules/pgfmoduledecorations.code.tex
\pgfdecoratedcompleteddistance=\dimen324
\pgfdecoratedremainingdistance=\dimen325
\pgfdecoratedinputsegmentcompleteddistance=\dimen326
\pgfdecoratedinputsegmentremainingdistance=\dimen327
\pgf@decorate@distancetomove=\dimen328
\pgf@decorate@repeatstate=\count401
\pgfdecorationsegmentamplitude=\dimen329
\pgfdecorationsegmentlength=\dimen330
)
\tikz@lib@dec@box=\box89
) (/opt/local/share/texmf-texlive/tex/generic/pgf/frontendlayer/tikz/libraries/tikzlibrarydecorations.pathmorphing.code.tex (/opt/local/share/texmf-texlive/tex/generic/pgf/libraries/decorations/pgflibrarydecorations.pathmorphing.code.tex)) (/opt/local/share/texmf-texlive/tex/generic/pgf/frontendlayer/tikz/libraries/tikzlibrarydecorations.pathreplacing.code.tex (/opt/local/share/texmf-texlive/tex/generic/pgf/libraries/decorations/pgflibrarydecorations.pathreplacing.code.tex)) (/opt/local/share/texmf-texlive/tex/generic/pgfplots/libs/tikzlibrarypgfplots.contourlua.code.tex)
\pgfplots@numplots=\count402
\pgfplots@xmin@reg=\dimen331
\pgfplots@xmax@reg=\dimen332
\pgfplots@ymin@reg=\dimen333
\pgfplots@ymax@reg=\dimen334
\pgfplots@zmin@reg=\dimen335
\pgfplots@zmax@reg=\dimen336
) (/opt/local/share/texmf-texlive/tex/generic/pgf/frontendlayer/tikz/libraries/tikzlibraryplotmarks.code.tex
File: tikzlibraryplotmarks.code.tex 2023-01-15 v3.1.10 (3.1.10)
 (/opt/local/share/texmf-texlive/tex/generic/pgf/libraries/pgflibraryplotmarks.code.tex
File: pgflibraryplotmarks.code.tex 2023-01-15 v3.1.10 (3.1.10)
)))
\c@thm=\count403
\c@lem=\count404
\c@prop=\count405
\c@cory=\count406
\c@defn=\count407
\c@exmp=\count408
\c@problema=\count409
\c@respuesta=\count410
\c@rem=\count411
 (/opt/local/share/texmf-texlive/tex/latex/beamer/beamerinnerthemerectangles.sty) (/opt/local/share/texmf-texlive/tex/latex/beamer/beamerouterthemeshadow.sty (/opt/local/share/texmf-texlive/tex/latex/beamer/beamerouterthemesplit.sty))
LaTeX Font Info:    Trying to load font information for T1+lmss on input line 71.
 (/opt/local/share/texmf-texlive/tex/latex/lm/t1lmss.fd
File: t1lmss.fd 2015/05/01 v1.6.1 Font defs for Latin Modern
) (/opt/local/share/texmf-texlive/tex/latex/l3backend/l3backend-pdftex.def
File: l3backend-pdftex.def 2024-02-20 L3 backend support: PDF output (pdfTeX)
\l__color_backend_stack_int=\count412
\l__pdf_internal_box=\box90
) (./FEM_Notes.aux
LaTeX Info: Redefining \. on input line 11.
LaTeX Info: Redefining \% on input line 11.


LaTeX Warning: Label `ODE1' multiply defined.


LaTeX Warning: Label `ODE2' multiply defined.


LaTeX Warning: Label `ODE1' multiply defined.


LaTeX Warning: Label `ODE2' multiply defined.


LaTeX Warning: Label `ODE1a' multiply defined.


LaTeX Warning: Label `ODE1b' multiply defined.

)
\openout1 = `FEM_Notes.aux'.

LaTeX Font Info:    Checking defaults for OML/cmm/m/it on input line 71.
LaTeX Font Info:    ... okay on input line 71.
LaTeX Font Info:    Checking defaults for OMS/cmsy/m/n on input line 71.
LaTeX Font Info:    ... okay on input line 71.
LaTeX Font Info:    Checking defaults for OT1/cmr/m/n on input line 71.
LaTeX Font Info:    ... okay on input line 71.
LaTeX Font Info:    Checking defaults for T1/cmr/m/n on input line 71.
LaTeX Font Info:    ... okay on input line 71.
LaTeX Font Info:    Checking defaults for TS1/cmr/m/n on input line 71.
LaTeX Font Info:    ... okay on input line 71.
LaTeX Font Info:    Checking defaults for OMX/cmex/m/n on input line 71.
LaTeX Font Info:    ... okay on input line 71.
LaTeX Font Info:    Checking defaults for U/cmr/m/n on input line 71.
LaTeX Font Info:    ... okay on input line 71.
LaTeX Font Info:    Checking defaults for PD1/pdf/m/n on input line 71.
LaTeX Font Info:    ... okay on input line 71.
LaTeX Font Info:    Checking defaults for PU/pdf/m/n on input line 71.
LaTeX Font Info:    ... okay on input line 71.

*geometry* driver: auto-detecting
*geometry* detected driver: pdftex
*geometry* verbose mode - [ preamble ] result:
* driver: pdftex
* paper: custom
* layout: <same size as paper>
* layoutoffset:(h,v)=(0.0pt,0.0pt)
* modes: includehead includefoot 
* h-part:(L,W,R)=(28.45274pt, 307.28987pt, 28.45274pt)
* v-part:(T,H,B)=(0.0pt, 273.14662pt, 0.0pt)
* \paperwidth=364.19536pt
* \paperheight=273.14662pt
* \textwidth=307.28987pt
* \textheight=244.6939pt
* \oddsidemargin=-43.81725pt
* \evensidemargin=-43.81725pt
* \topmargin=-72.26999pt
* \headheight=14.22636pt
* \headsep=0.0pt
* \topskip=10.0pt
* \footskip=14.22636pt
* \marginparwidth=3.0pt
* \marginparsep=11.0pt
* \columnsep=10.0pt
* \skip\footins=9.0pt plus 4.0pt minus 2.0pt
* \hoffset=0.0pt
* \voffset=0.0pt
* \mag=1000
* \@twocolumnfalse
* \@twosidefalse
* \@mparswitchfalse
* \@reversemarginfalse
* (1in=72.27pt=25.4mm, 1cm=28.453pt)

(/opt/local/share/texmf-texlive/tex/context/base/mkii/supp-pdf.mkii
[Loading MPS to PDF converter (version 2006.09.02).]
\scratchcounter=\count413
\scratchdimen=\dimen337
\scratchbox=\box91
\nofMPsegments=\count414
\nofMParguments=\count415
\everyMPshowfont=\toks62
\MPscratchCnt=\count416
\MPscratchDim=\dimen338
\MPnumerator=\count417
\makeMPintoPDFobject=\count418
\everyMPtoPDFconversion=\toks63
) (/opt/local/share/texmf-texlive/tex/latex/epstopdf-pkg/epstopdf-base.sty
Package: epstopdf-base 2020-01-24 v2.11 Base part for package epstopdf
Package epstopdf-base Info: Redefining graphics rule for `.eps' on input line 485.
 (/opt/local/share/texmf-texlive/tex/latex/latexconfig/epstopdf-sys.cfg
File: epstopdf-sys.cfg 2010/07/13 v1.3 Configuration of (r)epstopdf for TeX Live
))
Package hyperref Info: Link coloring OFF on input line 71.
 (./FEM_Notes.out) (./FEM_Notes.out)
\@outlinefile=\write7
\openout7 = `FEM_Notes.out'.

LaTeX Font Info:    Overwriting symbol font `operators' in version `normal'
(Font)                  OT1/lmr/m/n --> OT1/cmss/m/n on input line 71.
LaTeX Font Info:    Overwriting symbol font `operators' in version `bold'
(Font)                  OT1/lmr/bx/n --> OT1/cmss/b/n on input line 71.
LaTeX Font Info:    Overwriting symbol font `operators' in version `normal'
(Font)                  OT1/cmss/m/n --> OT1/lmss/m/n on input line 71.
LaTeX Font Info:    Overwriting symbol font `operators' in version `bold'
(Font)                  OT1/cmss/b/n --> OT1/lmss/b/n on input line 71.
\symnumbers=\mathgroup7
\sympureletters=\mathgroup8
LaTeX Font Info:    Overwriting math alphabet `\mathrm' in version `normal'
(Font)                  OT1/lmss/m/n --> T1/lmr/m/n on input line 71.
LaTeX Font Info:    Redeclaring math alphabet \mathbf on input line 71.
LaTeX Font Info:    Overwriting math alphabet `\mathbf' in version `normal'
(Font)                  OT1/lmr/bx/n --> T1/lmss/b/n on input line 71.
LaTeX Font Info:    Overwriting math alphabet `\mathbf' in version `bold'
(Font)                  OT1/lmr/bx/n --> T1/lmss/b/n on input line 71.
LaTeX Font Info:    Redeclaring math alphabet \mathsf on input line 71.
LaTeX Font Info:    Overwriting math alphabet `\mathsf' in version `normal'
(Font)                  OT1/lmss/m/n --> T1/lmss/m/n on input line 71.
LaTeX Font Info:    Overwriting math alphabet `\mathsf' in version `bold'
(Font)                  OT1/lmss/bx/n --> T1/lmss/m/n on input line 71.
LaTeX Font Info:    Redeclaring math alphabet \mathit on input line 71.
LaTeX Font Info:    Overwriting math alphabet `\mathit' in version `normal'
(Font)                  OT1/lmr/m/it --> T1/lmss/m/it on input line 71.
LaTeX Font Info:    Overwriting math alphabet `\mathit' in version `bold'
(Font)                  OT1/lmr/bx/it --> T1/lmss/m/it on input line 71.
LaTeX Font Info:    Redeclaring math alphabet \mathtt on input line 71.
LaTeX Font Info:    Overwriting math alphabet `\mathtt' in version `normal'
(Font)                  OT1/lmtt/m/n --> T1/lmtt/m/n on input line 71.
LaTeX Font Info:    Overwriting math alphabet `\mathtt' in version `bold'
(Font)                  OT1/lmtt/m/n --> T1/lmtt/m/n on input line 71.
LaTeX Font Info:    Overwriting symbol font `numbers' in version `bold'
(Font)                  T1/lmss/m/n --> T1/lmss/b/n on input line 71.
LaTeX Font Info:    Overwriting symbol font `pureletters' in version `bold'
(Font)                  T1/lmss/m/it --> T1/lmss/b/it on input line 71.
LaTeX Font Info:    Overwriting math alphabet `\mathrm' in version `bold'
(Font)                  OT1/lmss/b/n --> T1/lmr/b/n on input line 71.
LaTeX Font Info:    Overwriting math alphabet `\mathbf' in version `bold'
(Font)                  T1/lmss/b/n --> T1/lmss/b/n on input line 71.
LaTeX Font Info:    Overwriting math alphabet `\mathsf' in version `bold'
(Font)                  T1/lmss/m/n --> T1/lmss/b/n on input line 71.
LaTeX Font Info:    Overwriting math alphabet `\mathit' in version `bold'
(Font)                  T1/lmss/m/it --> T1/lmss/b/it on input line 71.
LaTeX Font Info:    Overwriting math alphabet `\mathtt' in version `bold'
(Font)                  T1/lmtt/m/n --> T1/lmtt/b/n on input line 71.
 (/opt/local/share/texmf-texlive/tex/latex/translator/translator-basic-dictionary-English.dict
Dictionary: translator-basic-dictionary, Language: English 
) (/opt/local/share/texmf-texlive/tex/latex/translator/translator-bibliography-dictionary-English.dict
Dictionary: translator-bibliography-dictionary, Language: English 
) (/opt/local/share/texmf-texlive/tex/latex/translator/translator-environment-dictionary-English.dict
Dictionary: translator-environment-dictionary, Language: English 
) (/opt/local/share/texmf-texlive/tex/latex/translator/translator-months-dictionary-English.dict
Dictionary: translator-months-dictionary, Language: English 
) (/opt/local/share/texmf-texlive/tex/latex/translator/translator-numbers-dictionary-English.dict
Dictionary: translator-numbers-dictionary, Language: English 
) (/opt/local/share/texmf-texlive/tex/latex/translator/translator-theorem-dictionary-English.dict
Dictionary: translator-theorem-dictionary, Language: English 
)
LaTeX Info: Redefining \. on input line 71.
LaTeX Info: Redefining \% on input line 71.
Package newfloat Info: Trying Plan B...

No file pythontex-files-FEM_Notes/FEM_Notes.pytxmcr.
Run PythonTeX to create it.
Package newfloat Info: New float `listing' with options `fileext=lopytx' on input line 71.
\c@listing=\count419
\newfloat@ftype=\count420
Package newfloat Info: float type `listing'=8 on input line 71.
\c@lstlisting=\count421

Package pgfplots Warning: running in backwards compatibility mode (unsuitable tick labels; missing features). Consider writing \pgfplotsset{compat=1.18} into your preamble.
 on input line 71.

(./FEM_Notes.nav) [1{/opt/local/var/db/texmf/fonts/map/pdftex/updmap/pdftex.map}{/opt/local/share/texmf-texlive/fonts/enc/dvips/lm/lm-ec.enc}

] (./FEM_Notes.toc
LaTeX Info: Redefining \. on input line 1.
LaTeX Info: Redefining \% on input line 1.
LaTeX Font Info:    Trying to load font information for OT1+lmss on input line 9.
 (/opt/local/share/texmf-texlive/tex/latex/lm/ot1lmss.fd
File: ot1lmss.fd 2015/05/01 v1.6.1 Font defs for Latin Modern
)
LaTeX Font Info:    Trying to load font information for OML+lmm on input line 9.
 (/opt/local/share/texmf-texlive/tex/latex/lm/omllmm.fd
File: omllmm.fd 2015/05/01 v1.6.1 Font defs for Latin Modern
)
LaTeX Font Info:    Trying to load font information for OMS+lmsy on input line 9.
 (/opt/local/share/texmf-texlive/tex/latex/lm/omslmsy.fd
File: omslmsy.fd 2015/05/01 v1.6.1 Font defs for Latin Modern
)
LaTeX Font Info:    Trying to load font information for OMX+lmex on input line 9.
 (/opt/local/share/texmf-texlive/tex/latex/lm/omxlmex.fd
File: omxlmex.fd 2015/05/01 v1.6.1 Font defs for Latin Modern
)
LaTeX Font Info:    External font `lmex10' loaded for size
(Font)              <10> on input line 9.
LaTeX Font Info:    External font `lmex10' loaded for size
(Font)              <7> on input line 9.
LaTeX Font Info:    External font `lmex10' loaded for size
(Font)              <5> on input line 9.
LaTeX Font Info:    Trying to load font information for U+msa on input line 9.
 (/opt/local/share/texmf-texlive/tex/latex/amsfonts/umsa.fd
File: umsa.fd 2013/01/14 v3.01 AMS symbols A
)
LaTeX Font Info:    Trying to load font information for U+msb on input line 9.
 (/opt/local/share/texmf-texlive/tex/latex/amsfonts/umsb.fd
File: umsb.fd 2013/01/14 v3.01 AMS symbols B
)
LaTeX Font Info:    Trying to load font information for U+lasy on input line 9.
 (/opt/local/share/texmf-texlive/tex/latex/base/ulasy.fd
File: ulasy.fd 1998/08/17 v2.2e LaTeX symbol font definitions
)
LaTeX Font Info:    Font shape `T1/lmss/m/it' in size <10> not available
(Font)              Font shape `T1/lmss/m/sl' tried instead on input line 9.
LaTeX Font Info:    Font shape `T1/lmss/m/it' in size <7> not available
(Font)              Font shape `T1/lmss/m/sl' tried instead on input line 9.
LaTeX Font Info:    Font shape `T1/lmss/m/it' in size <5> not available
(Font)              Font shape `T1/lmss/m/sl' tried instead on input line 9.
) [2

{/opt/local/share/texmf-texlive/fonts/enc/dvips/lm/lm-mathsy.enc}]
<./figure1.png, id=139, 748.7975pt x 198.7425pt>
File: ./figure1.png Graphic file (type png)
<use ./figure1.png>
Package pdftex.def Info: ./figure1.png  used on input line 96.
(pdftex.def)             Requested size: 224.64098pt x 59.6232pt.
 [3

{/opt/local/share/texmf-texlive/fonts/enc/dvips/lm/lm-rm.enc} <./figure1.png>]
LaTeX Font Info:    Font shape `T1/lmss/b/n' in size <10> not available
(Font)              Font shape `T1/lmss/bx/n' tried instead on input line 110.
LaTeX Font Info:    Font shape `T1/lmss/b/n' in size <7> not available
(Font)              Font shape `T1/lmss/bx/n' tried instead on input line 110.
LaTeX Font Info:    Font shape `T1/lmss/b/n' in size <5> not available
(Font)              Font shape `T1/lmss/bx/n' tried instead on input line 110.
 [4

{/opt/local/share/texmf-texlive/fonts/enc/dvips/lm/lm-mathit.enc}{/opt/local/share/texmf-texlive/fonts/enc/dvips/lm/lm-mathex.enc}]
LaTeX Font Info:    Font shape `OT1/lmss/b/n' in size <10> not available
(Font)              Font shape `OT1/lmss/bx/n' tried instead on input line 138.
LaTeX Font Info:    Font shape `OT1/lmss/b/n' in size <7> not available
(Font)              Font shape `OT1/lmss/bx/n' tried instead on input line 138.
LaTeX Font Info:    Font shape `OT1/lmss/b/n' in size <5> not available
(Font)              Font shape `OT1/lmss/bx/n' tried instead on input line 138.
LaTeX Font Info:    Font shape `U/lasy/b/n' in size <7> not available
(Font)              Font shape `U/lasy/m/n' tried instead on input line 138.
LaTeX Font Info:    Font shape `U/lasy/b/n' in size <5> not available
(Font)              Font shape `U/lasy/m/n' tried instead on input line 138.
LaTeX Font Info:    Font shape `T1/lmss/b/it' in size <10> not available
(Font)              Font shape `T1/lmss/bx/it' tried instead on input line 138.
LaTeX Font Info:    Font shape `T1/lmss/bx/it' in size <10> not available
(Font)              Font shape `T1/lmss/bx/sl' tried instead on input line 138.
LaTeX Font Info:    Font shape `T1/lmss/b/it' in size <7> not available
(Font)              Font shape `T1/lmss/bx/it' tried instead on input line 138.
LaTeX Font Info:    Font shape `T1/lmss/bx/it' in size <7> not available
(Font)              Font shape `T1/lmss/bx/sl' tried instead on input line 138.
LaTeX Font Info:    Font shape `T1/lmss/b/it' in size <5> not available
(Font)              Font shape `T1/lmss/bx/it' tried instead on input line 138.
LaTeX Font Info:    Font shape `T1/lmss/bx/it' in size <5> not available
(Font)              Font shape `T1/lmss/bx/sl' tried instead on input line 138.
 [5

] [6

] [7

] [8

] [9

] [10

] [11

] [12

] [13

] [14

] [15

] [16

] [17

]
LaTeX Font Info:    Trying to load font information for T1+lmr on input line 398.
 (/opt/local/share/texmf-texlive/tex/latex/lm/t1lmr.fd
File: t1lmr.fd 2015/05/01 v1.6.1 Font defs for Latin Modern
) [18

] [19

] [20

] [21

] [22

] [23

] [24

] [25

] [26

] [27

] [28

]
Overfull \vbox (1.36163pt too high) detected at line 554
 []


pdfTeX warning (ext4): destination with the same identifier (name{ODE1}) has been already used, duplicate ignored
<to be read again> 
                   \relax 
l.554 \end{frame}
                 
pdfTeX warning (ext4): destination with the same identifier (name{ODE2}) has been already used, duplicate ignored
<to be read again> 
                   \relax 
l.554 \end{frame}
                 
Overfull \vbox (1.36163pt too high) has occurred while \output is active []

 [29

]
Overfull \vbox (1.36163pt too high) detected at line 576
 []


Overfull \vbox (1.36163pt too high) has occurred while \output is active []

 [30

]
Overfull \vbox (1.36163pt too high) detected at line 599
 []


Overfull \vbox (1.36163pt too high) has occurred while \output is active []

 [31

]
Overfull \vbox (1.36163pt too high) detected at line 622
 []


Overfull \vbox (1.36163pt too high) has occurred while \output is active []

 [32

]
Overfull \vbox (1.36163pt too high) detected at line 693
 []


Overfull \vbox (1.36163pt too high) has occurred while \output is active []

 [33

]
Overfull \vbox (1.36163pt too high) detected at line 758
 []


Overfull \vbox (1.36163pt too high) has occurred while \output is active []

 [34

]
Overfull \vbox (1.36163pt too high) detected at line 802
 []


Overfull \vbox (1.36163pt too high) has occurred while \output is active []

 [35

]
Overfull \vbox (1.36163pt too high) detected at line 857
 []


Overfull \vbox (1.36163pt too high) has occurred while \output is active []

 [36

]
Overfull \vbox (1.36163pt too high) detected at line 908
 []


Overfull \vbox (1.36163pt too high) has occurred while \output is active []

 [37

]
Overfull \vbox (1.36163pt too high) detected at line 918
 []


Overfull \vbox (1.36163pt too high) has occurred while \output is active []

 [38

]
Overfull \vbox (1.36163pt too high) detected at line 942
 []


Overfull \vbox (1.36163pt too high) has occurred while \output is active []

 [39

]
Overfull \vbox (1.36163pt too high) detected at line 966
 []

LaTeX Font Info:    External font `lmex10' loaded for size
(Font)              <9> on input line 966.
LaTeX Font Info:    External font `lmex10' loaded for size
(Font)              <6> on input line 966.
LaTeX Font Info:    Font shape `T1/lmss/b/n' in size <9> not available
(Font)              Font shape `T1/lmss/bx/n' tried instead on input line 966.
LaTeX Font Info:    Font shape `T1/lmss/b/n' in size <6> not available
(Font)              Font shape `T1/lmss/bx/n' tried instead on input line 966.
LaTeX Font Info:    Font shape `T1/lmss/m/it' in size <9> not available
(Font)              Font shape `T1/lmss/m/sl' tried instead on input line 966.
LaTeX Font Info:    Font shape `T1/lmss/m/it' in size <6> not available
(Font)              Font shape `T1/lmss/m/sl' tried instead on input line 966.

Overfull \vbox (1.36163pt too high) has occurred while \output is active []

 [40

]
Overfull \vbox (1.36163pt too high) detected at line 989
 []


Overfull \vbox (9.85252pt too high) detected at line 989
 []


Overfull \vbox (1.36163pt too high) has occurred while \output is active []

 [41

]
Overfull \vbox (1.36163pt too high) detected at line 1000
 []


Overfull \vbox (1.36163pt too high) has occurred while \output is active []

 [42

]
Overfull \vbox (1.36163pt too high) detected at line 1014
 []


Overfull \vbox (1.36163pt too high) has occurred while \output is active []

 [43

]
Overfull \vbox (1.36163pt too high) detected at line 1030
 []


Overfull \vbox (1.36163pt too high) has occurred while \output is active []

 [44

]
Overfull \vbox (1.36163pt too high) detected at line 1060
 []


Overfull \vbox (1.87027pt too high) detected at line 1060
 []


Overfull \vbox (1.36163pt too high) has occurred while \output is active []

 [45

]
Overfull \vbox (1.36163pt too high) detected at line 1071
 []


Overfull \vbox (1.36163pt too high) has occurred while \output is active []

 [46

]
Overfull \vbox (1.36163pt too high) detected at line 1086
 []


Overfull \vbox (1.36163pt too high) has occurred while \output is active []

 [47

]
Overfull \vbox (1.36163pt too high) detected at line 1105
 []


Overfull \vbox (1.36163pt too high) has occurred while \output is active []

 [48

]
Overfull \vbox (1.36163pt too high) detected at line 1127
 []


Overfull \vbox (1.36163pt too high) has occurred while \output is active []

 [49

]
Overfull \vbox (1.36163pt too high) detected at line 1144
 []


Overfull \vbox (1.36163pt too high) has occurred while \output is active []

 [50

]
Overfull \vbox (1.36163pt too high) detected at line 1163
 []


Overfull \vbox (1.36163pt too high) has occurred while \output is active []

 [51

]
Overfull \vbox (1.36163pt too high) detected at line 1179
 []

LaTeX Font Info:    External font `lmex10' loaded for size
(Font)              <14.4> on input line 1179.
LaTeX Font Info:    Font shape `T1/lmss/b/n' in size <14.4> not available
(Font)              Font shape `T1/lmss/bx/n' tried instead on input line 1179.
LaTeX Font Info:    Font shape `T1/lmss/m/it' in size <14.4> not available
(Font)              Font shape `T1/lmss/m/sl' tried instead on input line 1179.

Overfull \vbox (1.36163pt too high) has occurred while \output is active []

 [52

]
Overfull \vbox (1.36163pt too high) detected at line 1200
 []


Overfull \vbox (1.36163pt too high) has occurred while \output is active []

 [53

]
Overfull \vbox (1.36163pt too high) detected at line 1228
 []


Overfull \vbox (1.36163pt too high) has occurred while \output is active []

 [54

]
Overfull \vbox (1.36163pt too high) detected at line 1239
 []


Overfull \vbox (1.36163pt too high) has occurred while \output is active []

 [55

]
Overfull \vbox (1.36163pt too high) detected at line 1255
 []


Overfull \vbox (1.36163pt too high) has occurred while \output is active []

 [56

]
Overfull \vbox (1.36163pt too high) detected at line 1270
 []


Overfull \vbox (1.36163pt too high) has occurred while \output is active []

 [57

]
Overfull \vbox (1.36163pt too high) detected at line 1285
 []


Overfull \vbox (1.36163pt too high) has occurred while \output is active []

 [58

]
Overfull \vbox (1.36163pt too high) detected at line 1301
 []


Overfull \vbox (1.36163pt too high) has occurred while \output is active []

 [59

]
Overfull \vbox (1.36163pt too high) detected at line 1316
 []


Overfull \vbox (1.36163pt too high) has occurred while \output is active []

 [60

]
Overfull \vbox (1.36163pt too high) detected at line 1337
 []


Overfull \vbox (1.36163pt too high) has occurred while \output is active []

 [61

]
Overfull \vbox (1.36163pt too high) detected at line 1350
 []


Overfull \vbox (1.36163pt too high) has occurred while \output is active []

 [62

]
Overfull \vbox (1.36163pt too high) detected at line 1370
 []


Overfull \vbox (1.36163pt too high) has occurred while \output is active []

 [63

]
Overfull \vbox (1.36163pt too high) detected at line 1383
 []


Overfull \vbox (1.36163pt too high) has occurred while \output is active []

 [64

]
Overfull \vbox (1.36163pt too high) detected at line 1403
 []


Overfull \vbox (1.36163pt too high) has occurred while \output is active []

 [65

]
Overfull \vbox (1.36163pt too high) detected at line 1416
 []


Overfull \vbox (1.36163pt too high) has occurred while \output is active []

 [66

]
Overfull \vbox (1.36163pt too high) detected at line 1435
 []


Overfull \vbox (1.36163pt too high) has occurred while \output is active []

 [67

]
Overfull \vbox (1.36163pt too high) detected at line 1455
 []


Overfull \vbox (1.36163pt too high) has occurred while \output is active []

 [68

]
Overfull \vbox (1.36163pt too high) detected at line 1473
 []


Overfull \vbox (1.36163pt too high) has occurred while \output is active []

 [69

]

Package hyperref Warning: Token not allowed in a PDF string (Unicode):
(hyperref)                removing `math shift' on input line 1475.


Package hyperref Warning: Token not allowed in a PDF string (Unicode):
(hyperref)                removing `superscript' on input line 1475.


Package hyperref Warning: Token not allowed in a PDF string (Unicode):
(hyperref)                removing `\infty' on input line 1475.


Package hyperref Warning: Token not allowed in a PDF string (Unicode):
(hyperref)                removing `math shift' on input line 1475.


Overfull \vbox (1.36163pt too high) detected at line 1486
 []


Overfull \vbox (1.36163pt too high) has occurred while \output is active []

 [70

]
Overfull \vbox (1.36163pt too high) detected at line 1500
 []


Overfull \vbox (1.36163pt too high) has occurred while \output is active []

 [71

]
Overfull \vbox (1.36163pt too high) detected at line 1516
 []


Overfull \vbox (1.36163pt too high) has occurred while \output is active []

 [72

]
Overfull \vbox (1.36163pt too high) detected at line 1532
 []


Overfull \vbox (1.36163pt too high) has occurred while \output is active []

 [73

]
Overfull \vbox (1.36163pt too high) detected at line 1551
 []


Overfull \vbox (1.36163pt too high) has occurred while \output is active []

 [74

]
Overfull \vbox (1.36163pt too high) detected at line 1576
 []


Overfull \vbox (4.80948pt too high) detected at line 1576
 []


Overfull \vbox (1.36163pt too high) has occurred while \output is active []

 [75

]
Overfull \vbox (1.36163pt too high) detected at line 1589
 []


Overfull \vbox (1.36163pt too high) has occurred while \output is active []

 [76

]
Overfull \vbox (1.36163pt too high) detected at line 1606
 []

NOTE: coordinate (1Y1.5e0],4Y0.0e0]) has been dropped because it is unbounded (in y). (see also unbounded coords=jump). 

Overfull \vbox (1.36163pt too high) has occurred while \output is active []

 [77

]
Overfull \vbox (1.36163pt too high) detected at line 1621
 []


Overfull \vbox (1.36163pt too high) has occurred while \output is active []

 [78

]
Overfull \vbox (1.36163pt too high) detected at line 1632
 []


Overfull \vbox (1.36163pt too high) has occurred while \output is active []

 [79

]
Overfull \vbox (1.36163pt too high) detected at line 1650
 []


Overfull \vbox (1.36163pt too high) has occurred while \output is active []

 [80

]
Overfull \vbox (1.36163pt too high) detected at line 1665
 []


Overfull \vbox (1.36163pt too high) has occurred while \output is active []

 [81

]
Overfull \vbox (1.36163pt too high) detected at line 1682
 []


Overfull \vbox (1.36163pt too high) has occurred while \output is active []

 [82

]
Overfull \vbox (1.36163pt too high) detected at line 1699
 []

LaTeX Font Info:    External font `lmex10' loaded for size
(Font)              <12> on input line 1699.
LaTeX Font Info:    External font `lmex10' loaded for size
(Font)              <8> on input line 1699.
LaTeX Font Info:    Font shape `T1/lmss/b/n' in size <12> not available
(Font)              Font shape `T1/lmss/bx/n' tried instead on input line 1699.
LaTeX Font Info:    Font shape `T1/lmss/b/n' in size <8> not available
(Font)              Font shape `T1/lmss/bx/n' tried instead on input line 1699.
LaTeX Font Info:    Font shape `T1/lmss/m/it' in size <12> not available
(Font)              Font shape `T1/lmss/m/sl' tried instead on input line 1699.
LaTeX Font Info:    Font shape `T1/lmss/m/it' in size <8> not available
(Font)              Font shape `T1/lmss/m/sl' tried instead on input line 1699.

Overfull \vbox (1.36163pt too high) has occurred while \output is active []

 [83

]
Overfull \vbox (1.36163pt too high) detected at line 1719
 []


Overfull \vbox (1.36163pt too high) has occurred while \output is active []

 [84

]
Overfull \vbox (1.36163pt too high) detected at line 1746
 []


Overfull \vbox (1.36163pt too high) has occurred while \output is active []

 [85

]
Overfull \vbox (1.36163pt too high) detected at line 1760
 []


Overfull \vbox (1.36163pt too high) has occurred while \output is active []

 [86

]
Overfull \vbox (1.36163pt too high) detected at line 1774
 []


Overfull \vbox (1.36163pt too high) has occurred while \output is active []

 [87

]
pdfTeX warning (ext4): destination with the same identifier (name{ODE1}) has been already used, duplicate ignored
<to be read again> 
                   \relax 
l.1796 \end{frame}
                  
pdfTeX warning (ext4): destination with the same identifier (name{ODE2}) has been already used, duplicate ignored
<to be read again> 
                   \relax 
l.1796 \end{frame}
                  
pdfTeX warning (ext4): destination with the same identifier (name{ODE1a}) has been already used, duplicate ignored
<to be read again> 
                   \relax 
l.1796 \end{frame}
                  
pdfTeX warning (ext4): destination with the same identifier (name{ODE1b}) has been already used, duplicate ignored
<to be read again> 
                   \relax 
l.1796 \end{frame}
                   [88

] [89

] [90

] [91

] [92

] [93

] [94

] [95

] [96

] [97

] [98

] [99

] [100

] [101

] [102

] [103

] [104

] [105

] [106

] [107

] [108

] [109

] [110

] [111

] [112

] [113

] [114

] [115

] [116

] [117

] [118

] [119

] [120

] [121

] [122

] [123

] (./ejemplo.m
LaTeX Font Info:    Trying to load font information for TS1+lmss on input line 4.
 (/opt/local/share/texmf-texlive/tex/latex/lm/ts1lmss.fd
File: ts1lmss.fd 2015/05/01 v1.6.1 Font defs for Latin Modern
)
Overfull \hbox (4.7133pt too wide) in paragraph at lines 6--7
[][][][][][][][][][][][][][][][][][][][] 
 []

) [124

{/opt/local/share/texmf-texlive/fonts/enc/dvips/lm/lm-ts1.enc}]
<grafica.png, id=2810, 1124.2pt x 843.15pt>
File: grafica.png Graphic file (type png)
<use grafica.png>
Package pdftex.def Info: grafica.png  used on input line 2467.
(pdftex.def)             Requested size: 224.83601pt x 168.627pt.
 [125

 <./grafica.png (PNG copy)>]
Overfull \vbox (8.92662pt too high) detected at line 2484
 []

[126

] (./ejemplo1.m
Overfull \hbox (22.71349pt too wide) in paragraph at lines 12--13
[][][][][][][][][][][][][][][][][][][][][][][][][][][][][][][][] 
 []


Overfull \hbox (16.71342pt too wide) in paragraph at lines 13--14
[][][][][][][][][][][][][][][][][][][][][][][][][][][][][][][] 
 []


Overfull \hbox (40.71367pt too wide) in paragraph at lines 14--15
[][][][][][][][][][][][][][][][][][][][][][][][][][][][][] 
 []

)
Overfull \vbox (48.16376pt too high) detected at line 2488
 []

[127

]
<grafica1.png, id=2863, 1124.2pt x 843.15pt>
File: grafica1.png Graphic file (type png)
<use grafica1.png>
Package pdftex.def Info: grafica1.png  used on input line 2494.
(pdftex.def)             Requested size: 224.83601pt x 168.627pt.
 [128

 <./grafica1.png (PNG copy)>]
<grafica2.png, id=2881, 1124.2pt x 843.15pt>
File: grafica2.png Graphic file (type png)
<use grafica2.png>
Package pdftex.def Info: grafica2.png  used on input line 2502.
(pdftex.def)             Requested size: 168.62273pt x 126.46704pt.
LaTeX Font Info:    Trying to load font information for T1+lmtt on input line 2502.
 (/opt/local/share/texmf-texlive/tex/latex/lm/t1lmtt.fd
File: t1lmtt.fd 2015/05/01 v1.6.1 Font defs for Latin Modern
) [129

 <./grafica2.png (PNG copy)>]
\tf@nav=\write8
\openout8 = `FEM_Notes.nav'.

\tf@toc=\write9
\openout9 = `FEM_Notes.toc'.

\tf@snm=\write10
\openout10 = `FEM_Notes.snm'.

 (./FEM_Notes.aux
LaTeX Info: Redefining \. on input line 11.
LaTeX Info: Redefining \% on input line 11.
)
 ***********
LaTeX2e <2023-11-01> patch level 1
L3 programming layer <2024-02-20>
 ***********


LaTeX Warning: There were multiply-defined labels.

Package rerunfilecheck Info: File `FEM_Notes.out' has not changed.
(rerunfilecheck)             Checksum: 65A5F3951F2890CFA5353F85930D3491;3043.
 ) 
Here is how much of TeX's memory you used:
 42598 strings out of 474116
 969357 string characters out of 5745678
 1972187 words of memory out of 5000000
 63861 multiletter control sequences out of 15000+600000
 704035 words of font info for 137 fonts, out of 8000000 for 9000
 1141 hyphenation exceptions out of 8191
 128i,22n,123p,761b,2132s stack positions out of 10000i,1000n,20000p,200000b,200000s
</opt/local/share/texmf-texlive/fonts/type1/public/lm/lmex10.pfb></opt/local/share/texmf-texlive/fonts/type1/public/lm/lmmi10.pfb></opt/local/share/texmf-texlive/fonts/type1/public/lm/lmmi12.pfb></opt/local/share/texmf-texlive/fonts/type1/public/lm/lmmi7.pfb></opt/local/share/texmf-texlive/fonts/type1/public/lm/lmmi9.pfb></opt/local/share/texmf-texlive/fonts/type1/public/lm/lmmib10.pfb></opt/local/share/texmf-texlive/fonts/type1/public/lm/lmr10.pfb></opt/local/share/texmf-texlive/fonts/type1/public/lm/lmr9.pfb></opt/local/share/texmf-texlive/fonts/type1/public/lm/lmss10.pfb></opt/local/share/texmf-texlive/fonts/type1/public/lm/lmss12.pfb></opt/local/share/texmf-texlive/fonts/type1/public/lm/lmss8.pfb></opt/local/share/texmf-texlive/fonts/type1/public/lm/lmss9.pfb></opt/local/share/texmf-texlive/fonts/type1/public/lm/lmssbx10.pfb></opt/local/share/texmf-texlive/fonts/type1/public/lm/lmsso10.pfb></opt/local/share/texmf-texlive/fonts/type1/public/lm/lmsso12.pfb></opt/local/share/texmf-texlive/fonts/type1/public/lm/lmsso8.pfb></opt/local/share/texmf-texlive/fonts/type1/public/lm/lmsso9.pfb></opt/local/share/texmf-texlive/fonts/type1/public/lm/lmsy10.pfb></opt/local/share/texmf-texlive/fonts/type1/public/lm/lmsy5.pfb></opt/local/share/texmf-texlive/fonts/type1/public/lm/lmsy6.pfb></opt/local/share/texmf-texlive/fonts/type1/public/lm/lmsy7.pfb></opt/local/share/texmf-texlive/fonts/type1/public/lm/lmsy9.pfb></opt/local/share/texmf-texlive/fonts/type1/public/lm/lmtt10.pfb></opt/local/share/texmf-texlive/fonts/type1/public/amsfonts/symbols/msbm10.pfb>
Output written on FEM_Notes.pdf (129 pages, 715306 bytes).
PDF statistics:
 3078 PDF objects out of 3580 (max. 8388607)
 1849 compressed objects within 19 object streams
 298 named destinations out of 1000 (max. 500000)
 195 words of extra memory for PDF output out of 10000 (max. 10000000)

